{
  "stats": {
    "suites": 1,
    "tests": 2,
    "passes": 1,
    "pending": 0,
    "failures": 1,
    "start": "2023-03-12T17:49:00.145Z",
    "end": "2023-03-12T17:49:11.049Z",
    "duration": 10904,
    "testsRegistered": 2,
    "passPercent": 50,
    "pendingPercent": 0,
    "other": 0,
    "hasOther": false,
    "skipped": 0,
    "hasSkipped": false
  },
  "results": [
    {
      "uuid": "a52538be-4ef4-4eec-a3c8-97fdd4cb9063",
      "title": "",
      "fullFile": "cypress/e2e/sopra.cy.js",
      "file": "cypress/e2e/sopra.cy.js",
      "beforeHooks": [],
      "afterHooks": [],
      "tests": [],
      "suites": [
        {
          "uuid": "a9d87039-5683-499a-819b-09dc117ec9c6",
          "title": "Google search Apple",
          "fullFile": "",
          "file": "",
          "beforeHooks": [],
          "afterHooks": [],
          "tests": [
            {
              "title": "Positive - over 1000000",
              "fullTitle": "Google search Apple Positive - over 1000000",
              "timedOut": null,
              "duration": 5519,
              "state": "failed",
              "speed": null,
              "pass": false,
              "fail": true,
              "pending": false,
              "context": "{\n  \"title\": \"cypress-mochawesome-reporter-screenshots\",\n  \"value\": [\n    [\n      {\n        \"title\": \"Failed screenshot\",\n        \"value\": \"/sopra.cy.js/Google search Apple -- Positive - over 1000000 (failed).png\"\n      }\n    ]\n  ]\n}",
              "code": "cy.get('div[id=\"result-stats\"]').contains(\"results (\");\ncy.get('div[id=\"result-stats\"]').contains(\"000,000\");\ncy.get('div[id=\"result-stats\"]').invoke('text').then(text => {\n  let fullText = text.toString();\n  let cutText = text.toString().replace(\"About \", \"\").split(\" results (\");\n  let pattern = /[0-9]+/g;\n  var number = cutText[0].match(pattern);\n  cy.log(\"--------------------------------------------------> Full Text: \" + fullText);\n  cy.log(\"--------------------------------------------------> Cut Text: \" + cutText);\n  let results = cutText[0].replaceAll(\",\", \"\").match(pattern); // finally supress ,\n  cy.log(\"=================================================>> RESULTS: \" + results);\n  cy.log(\"type: \" + typeof Number(results));\n  expect(parseInt(results)).to.be.greaterThan(1000000);\n});",
              "err": {
                "message": "AssertionError: Timed out retrying after 4000ms: Expected to find element: `div[id=\"result-stats\"]`, but never found it.",
                "estack": "AssertionError: Timed out retrying after 4000ms: Expected to find element: `div[id=\"result-stats\"]`, but never found it.\n    at Context.eval (webpack:///./cypress/e2e/sopra.cy.js:15:8)",
                "diff": null
              },
              "uuid": "b1622adc-b7eb-4326-a315-7505439d1330",
              "parentUUID": "a9d87039-5683-499a-819b-09dc117ec9c6",
              "isHook": false,
              "skipped": false
            },
            {
              "title": "Negative - not under 10000",
              "fullTitle": "Google search Apple Negative - not under 10000",
              "timedOut": null,
              "duration": 4114,
              "state": "passed",
              "speed": "fast",
              "pass": true,
              "fail": false,
              "pending": false,
              "context": null,
              "code": "cy.get('div[id=\"result-stats\"]').contains(\"results (\");\ncy.get('div[id=\"result-stats\"]').contains(\"000,000\");\ncy.get('div[id=\"result-stats\"]').invoke('text').then(text => {\n  let fullText = text.toString();\n  let cutText = text.toString().replace(\"About \", \"\").split(\" results (\");\n  let pattern = /[0-9]+/g;\n  cy.log(\"--------------------------------------------------> Full Text: \" + fullText);\n  cy.log(\"--------------------------------------------------> Cut Text: \" + cutText[0]);\n  let results = cutText[0].replaceAll(\",\", \"\").match(pattern); // finally supress ,\n  cy.log(\"=================================================>> RESULTS: \" + results);\n  cy.log(\"type: \" + typeof Number(results));\n  expect(parseInt(results)).not.to.be.lessThan(10000);\n});",
              "err": {},
              "uuid": "062f43a7-be2e-4a56-a7f3-76d10c082134",
              "parentUUID": "a9d87039-5683-499a-819b-09dc117ec9c6",
              "isHook": false,
              "skipped": false
            }
          ],
          "suites": [],
          "passes": [
            "062f43a7-be2e-4a56-a7f3-76d10c082134"
          ],
          "failures": [
            "b1622adc-b7eb-4326-a315-7505439d1330"
          ],
          "pending": [],
          "skipped": [],
          "duration": 9633,
          "root": false,
          "rootEmpty": false,
          "_timeout": 2000
        }
      ],
      "passes": [],
      "failures": [],
      "pending": [],
      "skipped": [],
      "duration": 0,
      "root": true,
      "rootEmpty": true,
      "_timeout": 2000
    }
  ],
  "meta": {
    "mocha": {
      "version": "7.0.1"
    },
    "mochawesome": {
      "options": {
        "quiet": false,
        "reportFilename": "mochawesome",
        "saveHtml": true,
        "saveJson": true,
        "consoleReporter": "spec",
        "useInlineDiffs": false,
        "code": true
      },
      "version": "7.1.3"
    },
    "marge": {
      "options": {
        "charts": true,
        "reportPageTitle": "sopra",
        "embeddedScreenshots": true,
        "inlineAssets": true,
        "saveAllAttempts": true,
        "overwrite": false,
        "html": true,
        "json": true,
        "reportDir": "report/mochawesome-report"
      },
      "version": "6.2.0"
    }
  }
}