{
  "stats": {
    "suites": 1,
    "tests": 2,
    "passes": 2,
    "pending": 0,
    "failures": 0,
    "start": "2023-03-12T17:52:25.034Z",
    "end": "2023-03-12T17:52:33.066Z",
    "duration": 8032,
    "testsRegistered": 2,
    "passPercent": 100,
    "pendingPercent": 0,
    "other": 0,
    "hasOther": false,
    "skipped": 0,
    "hasSkipped": false
  },
  "results": [
    {
      "uuid": "ec0f3734-a9bd-4e45-8c56-16a783b0ec2d",
      "title": "",
      "fullFile": "cypress/e2e/sopra.cy.js",
      "file": "cypress/e2e/sopra.cy.js",
      "beforeHooks": [],
      "afterHooks": [],
      "tests": [],
      "suites": [
        {
          "uuid": "63986218-9fb9-4590-af1c-3e5a8c877d3d",
          "title": "Google search Apple",
          "fullFile": "",
          "file": "",
          "beforeHooks": [],
          "afterHooks": [],
          "tests": [
            {
              "title": "Positive - over 1000000",
              "fullTitle": "Google search Apple Positive - over 1000000",
              "timedOut": null,
              "duration": 3946,
              "state": "passed",
              "speed": "fast",
              "pass": true,
              "fail": false,
              "pending": false,
              "context": null,
              "code": "cy.get('div[id=\"result-stats\"]').contains(\"results (\");\ncy.get('div[id=\"result-stats\"]').contains(\"000,000\");\ncy.get('div[id=\"result-stats\"]').invoke('text').then(text => {\n  let fullText = text.toString();\n  let cutText = text.toString().replace(\"About \", \"\").split(\" results (\");\n  let pattern = /[0-9]+/g;\n  var number = cutText[0].match(pattern);\n  cy.log(\"--------------------------------------------------> Full Text: \" + fullText);\n  cy.log(\"--------------------------------------------------> Cut Text: \" + cutText);\n  let results = cutText[0].replaceAll(\",\", \"\").match(pattern); // finally supress ,\n  cy.log(\"=================================================>> RESULTS: \" + results);\n  cy.log(\"type: \" + typeof Number(results));\n  expect(parseInt(results)).to.be.greaterThan(1000000);\n});",
              "err": {},
              "uuid": "a59b85db-08bb-4a3e-83a6-1f2ed0b6ca2e",
              "parentUUID": "63986218-9fb9-4590-af1c-3e5a8c877d3d",
              "isHook": false,
              "skipped": false
            },
            {
              "title": "Negative - not under 10000",
              "fullTitle": "Google search Apple Negative - not under 10000",
              "timedOut": null,
              "duration": 2842,
              "state": "passed",
              "speed": "fast",
              "pass": true,
              "fail": false,
              "pending": false,
              "context": null,
              "code": "cy.get('div[id=\"result-stats\"]').contains(\"results (\");\ncy.get('div[id=\"result-stats\"]').contains(\"000,000\");\ncy.get('div[id=\"result-stats\"]').invoke('text').then(text => {\n  let fullText = text.toString();\n  let cutText = text.toString().replace(\"About \", \"\").split(\" results (\");\n  let pattern = /[0-9]+/g;\n  cy.log(\"--------------------------------------------------> Full Text: \" + fullText);\n  cy.log(\"--------------------------------------------------> Cut Text: \" + cutText[0]);\n  let results = cutText[0].replaceAll(\",\", \"\").match(pattern); // finally supress ,\n  cy.log(\"=================================================>> RESULTS: \" + results);\n  cy.log(\"type: \" + typeof Number(results));\n  expect(parseInt(results)).not.to.be.lessThan(10000);\n});",
              "err": {},
              "uuid": "d74aec21-5718-44fa-a747-9c340f4cf999",
              "parentUUID": "63986218-9fb9-4590-af1c-3e5a8c877d3d",
              "isHook": false,
              "skipped": false
            }
          ],
          "suites": [],
          "passes": [
            "a59b85db-08bb-4a3e-83a6-1f2ed0b6ca2e",
            "d74aec21-5718-44fa-a747-9c340f4cf999"
          ],
          "failures": [],
          "pending": [],
          "skipped": [],
          "duration": 6788,
          "root": false,
          "rootEmpty": false,
          "_timeout": 2000
        }
      ],
      "passes": [],
      "failures": [],
      "pending": [],
      "skipped": [],
      "duration": 0,
      "root": true,
      "rootEmpty": true,
      "_timeout": 2000
    }
  ],
  "meta": {
    "mocha": {
      "version": "7.0.1"
    },
    "mochawesome": {
      "options": {
        "quiet": false,
        "reportFilename": "mochawesome",
        "saveHtml": true,
        "saveJson": true,
        "consoleReporter": "spec",
        "useInlineDiffs": false,
        "code": true
      },
      "version": "7.1.3"
    },
    "marge": {
      "options": {
        "charts": true,
        "reportPageTitle": "sopra",
        "embeddedScreenshots": true,
        "inlineAssets": true,
        "saveAllAttempts": true,
        "overwrite": false,
        "html": true,
        "json": true,
        "reportDir": "report/mochawesome-report"
      },
      "version": "6.2.0"
    }
  }
}